# JRE version: OpenJDK Runtime Environment (17.0.6) (build 17.0.6+0-b2043.56-9586694)
# Java VM: OpenJDK 64-Bit Server VM (17.0.6+0-b2043.56-9586694, mixed mode, tiered, compressed oops, compressed class ptrs, g1 gc, windows-amd64)
GC Precious Log:
 CPUs: 8 total, 8 available
 Memory: 7886M
 Large Page Support: Disabled
 NUMA Support: Disabled
 Compressed Oops: Enabled (32-bit)
 Heap Region Size: 1M
 Heap Min Capacity: 8M
 Heap Initial Capacity: 124M
 Heap Max Capacity: 2G
 Pre-touch: Disabled
 Parallel Workers: 8
 Concurrent Workers: 2
 Concurrent Refinement Workers: 8
 Periodic GC: Disabled
Heap:
 garbage-first heap   total 78848K, used 58062K [0x0000000080000000, 0x0000000100000000)
  region size 1024K, 27 young (27648K), 4 survivors (4096K)
 Metaspace       used 50387K, committed 50816K, reserved 1097728K
  class space    used 6602K, committed 6784K, reserved 1048576K
GC Heap History (20 events):
Event: 1.337 GC heap before
{Heap before GC invocations=2 (full 0):
 garbage-first heap   total 126976K, used 53922K [0x0000000080000000, 0x0000000100000000)
  region size 1024K, 44 young (45056K), 4 survivors (4096K)
 Metaspace       used 21336K, committed 21504K, reserved 1073152K
  class space    used 2656K, committed 2752K, reserved 1048576K
}
Event: 1.343 GC heap after
{Heap after GC invocations=3 (full 0):
 garbage-first heap   total 126976K, used 17831K [0x0000000080000000, 0x0000000100000000)
  region size 1024K, 8 young (8192K), 8 survivors (8192K)
 Metaspace       used 21336K, committed 21504K, reserved 1073152K
  class space    used 2656K, committed 2752K, reserved 1048576K
}
Event: 1.754 GC heap before
{Heap before GC invocations=4 (full 0):
 garbage-first heap   total 65536K, used 47527K [0x0000000080000000, 0x0000000100000000)
  region size 1024K, 38 young (38912K), 8 survivors (8192K)
 Metaspace       used 26597K, committed 26880K, reserved 1073152K
  class space    used 3516K, committed 3648K, reserved 1048576K
}
Event: 1.758 GC heap after
{Heap after GC invocations=5 (full 0):
 garbage-first heap   total 65536K, used 20247K [0x0000000080000000, 0x0000000100000000)
  region size 1024K, 3 young (3072K), 3 survivors (3072K)
 Metaspace       used 26597K, committed 26880K, reserved 1073152K
  class space    used 3516K, committed 3648K, reserved 1048576K
}
Event: 1.770 GC heap before
{Heap before GC invocations=5 (full 0):
 garbage-first heap   total 65536K, used 21271K [0x0000000080000000, 0x0000000100000000)
  region size 1024K, 4 young (4096K), 3 survivors (3072K)
 Metaspace       used 26786K, committed 27072K, reserved 1073152K
  class space    used 3553K, committed 3712K, reserved 1048576K
}
Event: 1.772 GC heap after
{Heap after GC invocations=6 (full 0):
 garbage-first heap   total 78848K, used 20532K [0x0000000080000000, 0x0000000100000000)
  region size 1024K, 1 young (1024K), 1 survivors (1024K)
 Metaspace       used 26786K, committed 27072K, reserved 1073152K
  class space    used 3553K, committed 3712K, reserved 1048576K
}
Event: 2.111 GC heap before
{Heap before GC invocations=6 (full 0):
 garbage-first heap   total 78848K, used 53300K [0x0000000080000000, 0x0000000100000000)
  region size 1024K, 33 young (33792K), 1 survivors (1024K)
 Metaspace       used 31631K, committed 31872K, reserved 1081344K
  class space    used 4325K, committed 4416K, reserved 1048576K
}
Event: 2.114 GC heap after
{Heap after GC invocations=7 (full 0):
 garbage-first heap   total 78848K, used 21536K [0x0000000080000000, 0x0000000100000000)
  region size 1024K, 2 young (2048K), 2 survivors (2048K)
 Metaspace       used 31631K, committed 31872K, reserved 1081344K
  class space    used 4325K, committed 4416K, reserved 1048576K
}
Event: 2.364 GC heap before
{Heap before GC invocations=7 (full 0):
 garbage-first heap   total 78848K, used 37920K [0x0000000080000000, 0x0000000100000000)
  region size 1024K, 19 young (19456K), 2 survivors (2048K)
 Metaspace       used 35860K, committed 36160K, reserved 1081344K
  class space    used 4778K, committed 4928K, reserved 1048576K
}
Event: 2.367 GC heap after
{Heap after GC invocations=8 (full 0):
 garbage-first heap   total 78848K, used 23584K [0x0000000080000000, 0x0000000100000000)
  region size 1024K, 4 young (4096K), 4 survivors (4096K)
 Metaspace       used 35860K, committed 36160K, reserved 1081344K
  class space    used 4778K, committed 4928K, reserved 1048576K
}
Event: 2.661 GC heap before
{Heap before GC invocations=9 (full 0):
 garbage-first heap   total 78848K, used 57376K [0x0000000080000000, 0x0000000100000000)
  region size 1024K, 37 young (37888K), 4 survivors (4096K)
 Metaspace       used 39678K, committed 40000K, reserved 1089536K
  class space    used 5236K, committed 5376K, reserved 1048576K
}
Event: 2.667 GC heap after
{Heap after GC invocations=10 (full 0):
 garbage-first heap   total 78848K, used 27189K [0x0000000080000000, 0x0000000100000000)
  region size 1024K, 5 young (5120K), 5 survivors (5120K)
 Metaspace       used 39678K, committed 40000K, reserved 1089536K
  class space    used 5236K, committed 5376K, reserved 1048576K
}
Event: 2.678 GC heap before
{Heap before GC invocations=10 (full 0):
 garbage-first heap   total 78848K, used 28213K [0x0000000080000000, 0x0000000100000000)
  region size 1024K, 6 young (6144K), 5 survivors (5120K)
 Metaspace       used 39747K, committed 40064K, reserved 1089536K
  class space    used 5242K, committed 5376K, reserved 1048576K
}
Event: 2.681 GC heap after
{Heap after GC invocations=11 (full 0):
 garbage-first heap   total 78848K, used 27876K [0x0000000080000000, 0x0000000100000000)
  region size 1024K, 1 young (1024K), 1 survivors (1024K)
 Metaspace       used 39747K, committed 40064K, reserved 1089536K
  class space    used 5242K, committed 5376K, reserved 1048576K
}
Event: 2.975 GC heap before
{Heap before GC invocations=11 (full 0):
 garbage-first heap   total 78848K, used 61668K [0x0000000080000000, 0x0000000100000000)
  region size 1024K, 31 young (31744K), 1 survivors (1024K)
 Metaspace       used 42992K, committed 43264K, reserved 1089536K
  class space    used 5641K, committed 5760K, reserved 1048576K
}
Event: 2.978 GC heap after
{Heap after GC invocations=12 (full 0):
 garbage-first heap   total 78848K, used 30230K [0x0000000080000000, 0x0000000100000000)
  region size 1024K, 4 young (4096K), 4 survivors (4096K)
 Metaspace       used 42992K, committed 43264K, reserved 1089536K
  class space    used 5641K, committed 5760K, reserved 1048576K
}
Event: 3.285 GC heap before
{Heap before GC invocations=12 (full 0):
 garbage-first heap   total 78848K, used 58902K [0x0000000080000000, 0x0000000100000000)
  region size 1024K, 32 young (32768K), 4 survivors (4096K)
 Metaspace       used 47072K, committed 47488K, reserved 1097728K
  class space    used 6183K, committed 6400K, reserved 1048576K
}
Event: 3.288 GC heap after
{Heap after GC invocations=13 (full 0):
 garbage-first heap   total 78848K, used 32038K [0x0000000080000000, 0x0000000100000000)
  region size 1024K, 2 young (2048K), 2 survivors (2048K)
 Metaspace       used 47072K, committed 47488K, reserved 1097728K
  class space    used 6183K, committed 6400K, reserved 1048576K
}
Event: 3.694 GC heap before
{Heap before GC invocations=13 (full 0):
 garbage-first heap   total 78848K, used 60710K [0x0000000080000000, 0x0000000100000000)
  region size 1024K, 30 young (30720K), 2 survivors (2048K)
 Metaspace       used 49676K, committed 50112K, reserved 1097728K
  class space    used 6535K, committed 6720K, reserved 1048576K
}
Event: 3.697 GC heap after
{Heap after GC invocations=14 (full 0):
 garbage-first heap   total 78848K, used 33486K [0x0000000080000000, 0x0000000100000000)
  region size 1024K, 4 young (4096K), 4 survivors (4096K)
 Metaspace       used 49676K, committed 50112K, reserved 1097728K
  class space    used 6535K, committed 6720K, reserved 1048576K
}

