# JRE version: OpenJDK Runtime Environment (17.0.6) (build 17.0.6+0-b2043.56-9586694)
# Java VM: OpenJDK 64-Bit Server VM (17.0.6+0-b2043.56-9586694, mixed mode, tiered, compressed oops, compressed class ptrs, g1 gc, windows-amd64)
GC Precious Log:
 CPUs: 8 total, 8 available
 Memory: 7886M
 Large Page Support: Disabled
 NUMA Support: Disabled
 Compressed Oops: Enabled (32-bit)
 Heap Region Size: 1M
 Heap Min Capacity: 8M
 Heap Initial Capacity: 124M
 Heap Max Capacity: 2G
 Pre-touch: Disabled
 Parallel Workers: 8
 Concurrent Workers: 2
 Concurrent Refinement Workers: 8
 Periodic GC: Disabled
Heap:
 garbage-first heap   total 450560K, used 314250K [0x0000000080000000, 0x0000000100000000)
  region size 1024K, 156 young (159744K), 17 survivors (17408K)
 Metaspace       used 94571K, committed 95424K, reserved 1138688K
  class space    used 12738K, committed 13120K, reserved 1048576K
GC Heap History (20 events):
Event: 6.200 GC heap before
{Heap before GC invocations=35 (full 0):
 garbage-first heap   total 207872K, used 117206K [0x0000000080000000, 0x0000000100000000)
  region size 1024K, 10 young (10240K), 7 survivors (7168K)
 Metaspace       used 60523K, committed 61056K, reserved 1105920K
  class space    used 8030K, committed 8256K, reserved 1048576K
}
Event: 6.204 GC heap after
{Heap after GC invocations=36 (full 0):
 garbage-first heap   total 207872K, used 114353K [0x0000000080000000, 0x0000000100000000)
  region size 1024K, 1 young (1024K), 1 survivors (1024K)
 Metaspace       used 60523K, committed 61056K, reserved 1105920K
  class space    used 8030K, committed 8256K, reserved 1048576K
}
Event: 6.481 GC heap before
{Heap before GC invocations=36 (full 0):
 garbage-first heap   total 207872K, used 127665K [0x0000000080000000, 0x0000000100000000)
  region size 1024K, 15 young (15360K), 1 survivors (1024K)
 Metaspace       used 63901K, committed 64512K, reserved 1105920K
  class space    used 8458K, committed 8704K, reserved 1048576K
}
Event: 6.483 GC heap after
{Heap after GC invocations=37 (full 0):
 garbage-first heap   total 207872K, used 116008K [0x0000000080000000, 0x0000000100000000)
  region size 1024K, 3 young (3072K), 3 survivors (3072K)
 Metaspace       used 63901K, committed 64512K, reserved 1105920K
  class space    used 8458K, committed 8704K, reserved 1048576K
}
Event: 7.015 GC heap before
{Heap before GC invocations=38 (full 0):
 garbage-first heap   total 225280K, used 169256K [0x0000000080000000, 0x0000000100000000)
  region size 1024K, 49 young (50176K), 3 survivors (3072K)
 Metaspace       used 67318K, committed 67904K, reserved 1114112K
  class space    used 8884K, committed 9152K, reserved 1048576K
}
Event: 7.021 GC heap after
{Heap after GC invocations=39 (full 0):
 garbage-first heap   total 225280K, used 119948K [0x0000000080000000, 0x0000000100000000)
  region size 1024K, 6 young (6144K), 6 survivors (6144K)
 Metaspace       used 67318K, committed 67904K, reserved 1114112K
  class space    used 8884K, committed 9152K, reserved 1048576K
}
Event: 7.102 GC heap before
{Heap before GC invocations=39 (full 0):
 garbage-first heap   total 225280K, used 125068K [0x0000000080000000, 0x0000000100000000)
  region size 1024K, 11 young (11264K), 6 survivors (6144K)
 Metaspace       used 67770K, committed 68352K, reserved 1114112K
  class space    used 8936K, committed 9216K, reserved 1048576K
}
Event: 7.108 GC heap after
{Heap after GC invocations=40 (full 0):
 garbage-first heap   total 225280K, used 120652K [0x0000000080000000, 0x0000000100000000)
  region size 1024K, 2 young (2048K), 2 survivors (2048K)
 Metaspace       used 67770K, committed 68352K, reserved 1114112K
  class space    used 8936K, committed 9216K, reserved 1048576K
}
Event: 7.526 GC heap before
{Heap before GC invocations=40 (full 0):
 garbage-first heap   total 225280K, used 173900K [0x0000000080000000, 0x0000000100000000)
  region size 1024K, 54 young (55296K), 2 survivors (2048K)
 Metaspace       used 69496K, committed 70080K, reserved 1114112K
  class space    used 9207K, committed 9472K, reserved 1048576K
}
Event: 7.531 GC heap after
{Heap after GC invocations=41 (full 0):
 garbage-first heap   total 225280K, used 123948K [0x0000000080000000, 0x0000000100000000)
  region size 1024K, 5 young (5120K), 5 survivors (5120K)
 Metaspace       used 69496K, committed 70080K, reserved 1114112K
  class space    used 9207K, committed 9472K, reserved 1048576K
}
Event: 8.194 GC heap before
{Heap before GC invocations=42 (full 0):
 garbage-first heap   total 225280K, used 178220K [0x0000000080000000, 0x0000000100000000)
  region size 1024K, 58 young (59392K), 5 survivors (5120K)
 Metaspace       used 74408K, committed 75008K, reserved 1114112K
  class space    used 10089K, committed 10368K, reserved 1048576K
}
Event: 8.201 GC heap after
{Heap after GC invocations=43 (full 0):
 garbage-first heap   total 225280K, used 128045K [0x0000000080000000, 0x0000000100000000)
  region size 1024K, 5 young (5120K), 5 survivors (5120K)
 Metaspace       used 74408K, committed 75008K, reserved 1114112K
  class space    used 10089K, committed 10368K, reserved 1048576K
}
Event: 8.222 GC heap before
{Heap before GC invocations=43 (full 0):
 garbage-first heap   total 225280K, used 134189K [0x0000000080000000, 0x0000000100000000)
  region size 1024K, 11 young (11264K), 5 survivors (5120K)
 Metaspace       used 74452K, committed 75072K, reserved 1114112K
  class space    used 10099K, committed 10368K, reserved 1048576K
}
Event: 8.227 GC heap after
{Heap after GC invocations=44 (full 0):
 garbage-first heap   total 225280K, used 128546K [0x0000000080000000, 0x0000000100000000)
  region size 1024K, 1 young (1024K), 1 survivors (1024K)
 Metaspace       used 74452K, committed 75072K, reserved 1114112K
  class space    used 10099K, committed 10368K, reserved 1048576K
}
Event: 8.468 GC heap before
{Heap before GC invocations=44 (full 0):
 garbage-first heap   total 225280K, used 149026K [0x0000000080000000, 0x0000000100000000)
  region size 1024K, 22 young (22528K), 1 survivors (1024K)
 Metaspace       used 75992K, committed 76608K, reserved 1122304K
  class space    used 10324K, committed 10624K, reserved 1048576K
}
Event: 8.474 GC heap after
{Heap after GC invocations=45 (full 0):
 garbage-first heap   total 450560K, used 129852K [0x0000000080000000, 0x0000000100000000)
  region size 1024K, 3 young (3072K), 3 survivors (3072K)
 Metaspace       used 75992K, committed 76608K, reserved 1122304K
  class space    used 10324K, committed 10624K, reserved 1048576K
}
Event: 8.491 GC heap before
{Heap before GC invocations=45 (full 0):
 garbage-first heap   total 450560K, used 134972K [0x0000000080000000, 0x0000000100000000)
  region size 1024K, 4 young (4096K), 3 survivors (3072K)
 Metaspace       used 75992K, committed 76608K, reserved 1122304K
  class space    used 10324K, committed 10624K, reserved 1048576K
}
Event: 8.494 GC heap after
{Heap after GC invocations=46 (full 0):
 garbage-first heap   total 450560K, used 135669K [0x0000000080000000, 0x0000000100000000)
  region size 1024K, 3 young (3072K), 3 survivors (3072K)
 Metaspace       used 75992K, committed 76608K, reserved 1122304K
  class space    used 10324K, committed 10624K, reserved 1048576K
}
Event: 10.672 GC heap before
{Heap before GC invocations=46 (full 0):
 garbage-first heap   total 450560K, used 307701K [0x0000000080000000, 0x0000000100000000)
  region size 1024K, 147 young (150528K), 3 survivors (3072K)
 Metaspace       used 92092K, committed 92800K, reserved 1130496K
  class space    used 12490K, committed 12800K, reserved 1048576K
}
Event: 10.687 GC heap after
{Heap after GC invocations=47 (full 0):
 garbage-first heap   total 450560K, used 173962K [0x0000000080000000, 0x0000000100000000)
  region size 1024K, 17 young (17408K), 17 survivors (17408K)
 Metaspace       used 92092K, committed 92800K, reserved 1130496K
  class space    used 12490K, committed 12800K, reserved 1048576K
}

