# JRE version: OpenJDK Runtime Environment (17.0.6) (build 17.0.6+0-b2043.56-9586694)
# Java VM: OpenJDK 64-Bit Server VM (17.0.6+0-b2043.56-9586694, mixed mode, tiered, compressed oops, compressed class ptrs, g1 gc, windows-amd64)
GC Precious Log:
 CPUs: 8 total, 8 available
 Memory: 7886M
 Large Page Support: Disabled
 NUMA Support: Disabled
 Compressed Oops: Enabled (32-bit)
 Heap Region Size: 1M
 Heap Min Capacity: 8M
 Heap Initial Capacity: 124M
 Heap Max Capacity: 2G
 Pre-touch: Disabled
 Parallel Workers: 8
 Concurrent Workers: 2
 Concurrent Refinement Workers: 8
 Periodic GC: Disabled
Heap:
 garbage-first heap   total 268288K, used 125365K [0x0000000080000000, 0x0000000100000000)
  region size 1024K, 2 young (2048K), 2 survivors (2048K)
 Metaspace       used 123348K, committed 124288K, reserved 1163264K
  class space    used 17048K, committed 17472K, reserved 1048576K
GC Heap History (20 events):
Event: 102.159 GC heap after
{Heap after GC invocations=58 (full 0):
 garbage-first heap   total 266240K, used 133184K [0x0000000080000000, 0x0000000100000000)
  region size 1024K, 2 young (2048K), 2 survivors (2048K)
 Metaspace       used 121203K, committed 122112K, reserved 1155072K
  class space    used 16935K, committed 17344K, reserved 1048576K
}
Event: 102.256 GC heap before
{Heap before GC invocations=58 (full 0):
 garbage-first heap   total 266240K, used 139328K [0x0000000080000000, 0x0000000100000000)
  region size 1024K, 9 young (9216K), 2 survivors (2048K)
 Metaspace       used 121304K, committed 122176K, reserved 1155072K
  class space    used 16941K, committed 17344K, reserved 1048576K
}
Event: 102.258 GC heap after
{Heap after GC invocations=59 (full 0):
 garbage-first heap   total 266240K, used 133245K [0x0000000080000000, 0x0000000100000000)
  region size 1024K, 3 young (3072K), 3 survivors (3072K)
 Metaspace       used 121304K, committed 122176K, reserved 1155072K
  class space    used 16941K, committed 17344K, reserved 1048576K
}
Event: 102.840 GC heap before
{Heap before GC invocations=60 (full 0):
 garbage-first heap   total 266240K, used 198781K [0x0000000080000000, 0x0000000100000000)
  region size 1024K, 67 young (68608K), 3 survivors (3072K)
 Metaspace       used 122085K, committed 122944K, reserved 1155072K
  class space    used 16989K, committed 17408K, reserved 1048576K
}
Event: 102.843 GC heap after
{Heap after GC invocations=61 (full 0):
 garbage-first heap   total 266240K, used 134637K [0x0000000080000000, 0x0000000100000000)
  region size 1024K, 4 young (4096K), 4 survivors (4096K)
 Metaspace       used 122085K, committed 122944K, reserved 1155072K
  class space    used 16989K, committed 17408K, reserved 1048576K
}
Event: 102.899 GC heap before
{Heap before GC invocations=61 (full 0):
 garbage-first heap   total 266240K, used 143853K [0x0000000080000000, 0x0000000100000000)
  region size 1024K, 13 young (13312K), 4 survivors (4096K)
 Metaspace       used 122093K, committed 122944K, reserved 1155072K
  class space    used 16989K, committed 17408K, reserved 1048576K
}
Event: 102.906 GC heap after
{Heap after GC invocations=62 (full 0):
 garbage-first heap   total 266240K, used 123609K [0x0000000080000000, 0x0000000100000000)
  region size 1024K, 1 young (1024K), 1 survivors (1024K)
 Metaspace       used 122093K, committed 122944K, reserved 1155072K
  class space    used 16989K, committed 17408K, reserved 1048576K
}
Event: 103.148 GC heap before
{Heap before GC invocations=62 (full 0):
 garbage-first heap   total 266240K, used 163545K [0x0000000080000000, 0x0000000100000000)
  region size 1024K, 42 young (43008K), 1 survivors (1024K)
 Metaspace       used 122310K, committed 123200K, reserved 1155072K
  class space    used 16999K, committed 17408K, reserved 1048576K
}
Event: 103.151 GC heap after
{Heap after GC invocations=63 (full 0):
 garbage-first heap   total 266240K, used 124658K [0x0000000080000000, 0x0000000100000000)
  region size 1024K, 2 young (2048K), 2 survivors (2048K)
 Metaspace       used 122310K, committed 123200K, reserved 1155072K
  class space    used 16999K, committed 17408K, reserved 1048576K
}
Event: 412.865 GC heap before
{Heap before GC invocations=64 (full 0):
 garbage-first heap   total 268288K, used 232178K [0x0000000080000000, 0x0000000100000000)
  region size 1024K, 82 young (83968K), 2 survivors (2048K)
 Metaspace       used 122555K, committed 123456K, reserved 1155072K
  class space    used 17016K, committed 17472K, reserved 1048576K
}
Event: 412.873 GC heap after
{Heap after GC invocations=65 (full 0):
 garbage-first heap   total 268288K, used 131872K [0x0000000080000000, 0x0000000100000000)
  region size 1024K, 9 young (9216K), 9 survivors (9216K)
 Metaspace       used 122555K, committed 123456K, reserved 1155072K
  class space    used 17016K, committed 17472K, reserved 1048576K
}
Event: 412.886 GC heap before
{Heap before GC invocations=65 (full 0):
 garbage-first heap   total 268288K, used 135968K [0x0000000080000000, 0x0000000100000000)
  region size 1024K, 13 young (13312K), 9 survivors (9216K)
 Metaspace       used 122559K, committed 123456K, reserved 1155072K
  class space    used 17016K, committed 17472K, reserved 1048576K
}
Event: 412.895 GC heap after
{Heap after GC invocations=66 (full 0):
 garbage-first heap   total 268288K, used 131479K [0x0000000080000000, 0x0000000100000000)
  region size 1024K, 2 young (2048K), 2 survivors (2048K)
 Metaspace       used 122559K, committed 123456K, reserved 1155072K
  class space    used 17016K, committed 17472K, reserved 1048576K
}
Event: 412.996 GC heap before
{Heap before GC invocations=66 (full 0):
 garbage-first heap   total 268288K, used 138647K [0x0000000080000000, 0x0000000100000000)
  region size 1024K, 10 young (10240K), 2 survivors (2048K)
 Metaspace       used 122639K, committed 123584K, reserved 1163264K
  class space    used 17017K, committed 17472K, reserved 1048576K
}
Event: 412.999 GC heap after
{Heap after GC invocations=67 (full 0):
 garbage-first heap   total 268288K, used 132924K [0x0000000080000000, 0x0000000100000000)
  region size 1024K, 4 young (4096K), 4 survivors (4096K)
 Metaspace       used 122639K, committed 123584K, reserved 1163264K
  class space    used 17017K, committed 17472K, reserved 1048576K
}
Event: 414.650 GC heap before
{Heap before GC invocations=68 (full 0):
 garbage-first heap   total 268288K, used 203580K [0x0000000080000000, 0x0000000100000000)
  region size 1024K, 72 young (73728K), 4 survivors (4096K)
 Metaspace       used 123159K, committed 124096K, reserved 1163264K
  class space    used 17041K, committed 17472K, reserved 1048576K
}
Event: 414.654 GC heap after
{Heap after GC invocations=69 (full 0):
 garbage-first heap   total 268288K, used 134142K [0x0000000080000000, 0x0000000100000000)
  region size 1024K, 4 young (4096K), 4 survivors (4096K)
 Metaspace       used 123159K, committed 124096K, reserved 1163264K
  class space    used 17041K, committed 17472K, reserved 1048576K
}
Event: 414.686 GC heap before
{Heap before GC invocations=69 (full 0):
 garbage-first heap   total 268288K, used 142334K [0x0000000080000000, 0x0000000100000000)
  region size 1024K, 13 young (13312K), 4 survivors (4096K)
 Metaspace       used 123163K, committed 124096K, reserved 1163264K
  class space    used 17041K, committed 17472K, reserved 1048576K
}
Event: 414.693 GC heap after
{Heap after GC invocations=70 (full 0):
 garbage-first heap   total 268288K, used 124555K [0x0000000080000000, 0x0000000100000000)
  region size 1024K, 1 young (1024K), 1 survivors (1024K)
 Metaspace       used 123163K, committed 124096K, reserved 1163264K
  class space    used 17041K, committed 17472K, reserved 1048576K
}
Event: 414.975 GC heap before
{Heap before GC invocations=70 (full 0):
 garbage-first heap   total 268288K, used 157323K [0x0000000080000000, 0x0000000100000000)
  region size 1024K, 35 young (35840K), 1 survivors (1024K)
 Metaspace       used 123348K, committed 124288K, reserved 1163264K
  class space    used 17048K, committed 17472K, reserved 1048576K
}

