# JRE version: OpenJDK Runtime Environment (17.0.6) (build 17.0.6+0-b2043.56-9586694)
# Java VM: OpenJDK 64-Bit Server VM (17.0.6+0-b2043.56-9586694, mixed mode, tiered, compressed oops, compressed class ptrs, g1 gc, windows-amd64)
GC Precious Log:
 CPUs: 8 total, 8 available
 Memory: 7886M
 Large Page Support: Disabled
 NUMA Support: Disabled
 Compressed Oops: Enabled (32-bit)
 Heap Region Size: 1M
 Heap Min Capacity: 8M
 Heap Initial Capacity: 124M
 Heap Max Capacity: 2G
 Pre-touch: Disabled
 Parallel Workers: 8
 Concurrent Workers: 2
 Concurrent Refinement Workers: 8
 Periodic GC: Disabled
Heap:
 garbage-first heap   total 484352K, used 280743K [0x0000000080000000, 0x0000000100000000)
  region size 1024K, 11 young (11264K), 11 survivors (11264K)
 Metaspace       used 127900K, committed 128768K, reserved 1163264K
  class space    used 16555K, committed 16960K, reserved 1048576K
GC Heap History (20 events):
Event: 2483.449 GC heap after
{Heap after GC invocations=64 (full 0):
 garbage-first heap   total 484352K, used 216577K [0x0000000080000000, 0x0000000100000000)
  region size 1024K, 3 young (3072K), 3 survivors (3072K)
 Metaspace       used 102298K, committed 102976K, reserved 1138688K
  class space    used 13564K, committed 13888K, reserved 1048576K
}
Event: 2483.766 GC heap before
{Heap before GC invocations=64 (full 0):
 garbage-first heap   total 484352K, used 242177K [0x0000000080000000, 0x0000000100000000)
  region size 1024K, 29 young (29696K), 3 survivors (3072K)
 Metaspace       used 104552K, committed 105152K, reserved 1146880K
  class space    used 13866K, committed 14144K, reserved 1048576K
}
Event: 2483.775 GC heap after
{Heap after GC invocations=65 (full 0):
 garbage-first heap   total 484352K, used 224010K [0x0000000080000000, 0x0000000100000000)
  region size 1024K, 10 young (10240K), 10 survivors (10240K)
 Metaspace       used 104552K, committed 105152K, reserved 1146880K
  class space    used 13866K, committed 14144K, reserved 1048576K
}
Event: 2485.304 GC heap before
{Heap before GC invocations=66 (full 0):
 garbage-first heap   total 484352K, used 405258K [0x0000000080000000, 0x0000000100000000)
  region size 1024K, 171 young (175104K), 10 survivors (10240K)
 Metaspace       used 112164K, committed 112960K, reserved 1146880K
  class space    used 14789K, committed 15168K, reserved 1048576K
}
Event: 2485.315 GC heap after
{Heap after GC invocations=67 (full 0):
 garbage-first heap   total 484352K, used 226305K [0x0000000080000000, 0x0000000100000000)
  region size 1024K, 12 young (12288K), 12 survivors (12288K)
 Metaspace       used 112164K, committed 112960K, reserved 1146880K
  class space    used 14789K, committed 15168K, reserved 1048576K
}
Event: 2485.423 GC heap before
{Heap before GC invocations=67 (full 0):
 garbage-first heap   total 484352K, used 236545K [0x0000000080000000, 0x0000000100000000)
  region size 1024K, 23 young (23552K), 12 survivors (12288K)
 Metaspace       used 113040K, committed 113728K, reserved 1155072K
  class space    used 14899K, committed 15232K, reserved 1048576K
}
Event: 2485.434 GC heap after
{Heap after GC invocations=68 (full 0):
 garbage-first heap   total 484352K, used 224376K [0x0000000080000000, 0x0000000100000000)
  region size 1024K, 3 young (3072K), 3 survivors (3072K)
 Metaspace       used 113040K, committed 113728K, reserved 1155072K
  class space    used 14899K, committed 15232K, reserved 1048576K
}
Event: 2488.636 GC heap before
{Heap before GC invocations=68 (full 0):
 garbage-first heap   total 484352K, used 387192K [0x0000000080000000, 0x0000000100000000)
  region size 1024K, 163 young (166912K), 3 survivors (3072K)
 Metaspace       used 114285K, committed 115008K, reserved 1155072K
  class space    used 15029K, committed 15360K, reserved 1048576K
}
Event: 2488.646 GC heap after
{Heap after GC invocations=69 (full 0):
 garbage-first heap   total 484352K, used 231463K [0x0000000080000000, 0x0000000100000000)
  region size 1024K, 10 young (10240K), 10 survivors (10240K)
 Metaspace       used 114285K, committed 115008K, reserved 1155072K
  class space    used 15029K, committed 15360K, reserved 1048576K
}
Event: 2490.836 GC heap before
{Heap before GC invocations=70 (full 0):
 garbage-first heap   total 484352K, used 387111K [0x0000000080000000, 0x0000000100000000)
  region size 1024K, 168 young (172032K), 10 survivors (10240K)
 Metaspace       used 123198K, committed 123904K, reserved 1163264K
  class space    used 16118K, committed 16448K, reserved 1048576K
}
Event: 2490.858 GC heap after
{Heap after GC invocations=71 (full 0):
 garbage-first heap   total 484352K, used 251141K [0x0000000080000000, 0x0000000100000000)
  region size 1024K, 21 young (21504K), 21 survivors (21504K)
 Metaspace       used 123198K, committed 123904K, reserved 1163264K
  class space    used 16118K, committed 16448K, reserved 1048576K
}
Event: 2490.876 GC heap before
{Heap before GC invocations=71 (full 0):
 garbage-first heap   total 484352K, used 253189K [0x0000000080000000, 0x0000000100000000)
  region size 1024K, 23 young (23552K), 21 survivors (21504K)
 Metaspace       used 123234K, committed 123968K, reserved 1163264K
  class space    used 16118K, committed 16448K, reserved 1048576K
}
Event: 2490.892 GC heap after
{Heap after GC invocations=72 (full 0):
 garbage-first heap   total 484352K, used 247808K [0x0000000080000000, 0x0000000100000000)
  region size 1024K, 3 young (3072K), 3 survivors (3072K)
 Metaspace       used 123234K, committed 123968K, reserved 1163264K
  class space    used 16118K, committed 16448K, reserved 1048576K
}
Event: 2491.846 GC heap before
{Heap before GC invocations=72 (full 0):
 garbage-first heap   total 484352K, used 387072K [0x0000000080000000, 0x0000000100000000)
  region size 1024K, 139 young (142336K), 3 survivors (3072K)
 Metaspace       used 126130K, committed 126912K, reserved 1163264K
  class space    used 16380K, committed 16704K, reserved 1048576K
}
Event: 2491.857 GC heap after
{Heap after GC invocations=73 (full 0):
 garbage-first heap   total 484352K, used 253283K [0x0000000080000000, 0x0000000100000000)
  region size 1024K, 9 young (9216K), 9 survivors (9216K)
 Metaspace       used 126130K, committed 126912K, reserved 1163264K
  class space    used 16380K, committed 16704K, reserved 1048576K
}
Event: 2556.601 GC heap before
{Heap before GC invocations=74 (full 0):
 garbage-first heap   total 484352K, used 393571K [0x0000000080000000, 0x0000000100000000)
  region size 1024K, 145 young (148480K), 9 survivors (9216K)
 Metaspace       used 127109K, committed 128000K, reserved 1163264K
  class space    used 16506K, committed 16896K, reserved 1048576K
}
Event: 2556.618 GC heap after
{Heap after GC invocations=75 (full 0):
 garbage-first heap   total 484352K, used 274794K [0x0000000080000000, 0x0000000100000000)
  region size 1024K, 19 young (19456K), 19 survivors (19456K)
 Metaspace       used 127109K, committed 128000K, reserved 1163264K
  class space    used 16506K, committed 16896K, reserved 1048576K
}
Event: 2556.636 GC heap before
{Heap before GC invocations=75 (full 0):
 garbage-first heap   total 484352K, used 278890K [0x0000000080000000, 0x0000000100000000)
  region size 1024K, 23 young (23552K), 19 survivors (19456K)
 Metaspace       used 127116K, committed 128000K, reserved 1163264K
  class space    used 16506K, committed 16896K, reserved 1048576K
}
Event: 2556.660 GC heap after
{Heap after GC invocations=76 (full 0):
 garbage-first heap   total 484352K, used 273204K [0x0000000080000000, 0x0000000100000000)
  region size 1024K, 3 young (3072K), 3 survivors (3072K)
 Metaspace       used 127116K, committed 128000K, reserved 1163264K
  class space    used 16506K, committed 16896K, reserved 1048576K
}
Event: 2557.256 GC heap before
{Heap before GC invocations=76 (full 0):
 garbage-first heap   total 484352K, used 391988K [0x0000000080000000, 0x0000000100000000)
  region size 1024K, 119 young (121856K), 3 survivors (3072K)
 Metaspace       used 127900K, committed 128768K, reserved 1163264K
  class space    used 16555K, committed 16960K, reserved 1048576K
}

