# JRE version: OpenJDK Runtime Environment (17.0.6) (build 17.0.6+0-b2043.56-9586694)
# Java VM: OpenJDK 64-Bit Server VM (17.0.6+0-b2043.56-9586694, mixed mode, tiered, compressed oops, compressed class ptrs, g1 gc, windows-amd64)
GC Precious Log:
 CPUs: 8 total, 8 available
 Memory: 7886M
 Large Page Support: Disabled
 NUMA Support: Disabled
 Compressed Oops: Enabled (32-bit)
 Heap Region Size: 1M
 Heap Min Capacity: 8M
 Heap Initial Capacity: 124M
 Heap Max Capacity: 2G
 Pre-touch: Disabled
 Parallel Workers: 8
 Concurrent Workers: 2
 Concurrent Refinement Workers: 8
 Periodic GC: Disabled
Heap:
 garbage-first heap   total 372736K, used 182239K [0x0000000080000000, 0x0000000100000000)
  region size 1024K, 6 young (6144K), 6 survivors (6144K)
 Metaspace       used 105706K, committed 106304K, reserved 1146880K
  class space    used 14830K, committed 15104K, reserved 1048576K
GC Heap History (20 events):
Event: 8.510 GC heap after
{Heap after GC invocations=36 (full 0):
 garbage-first heap   total 165888K, used 89462K [0x0000000080000000, 0x0000000100000000)
  region size 1024K, 4 young (4096K), 4 survivors (4096K)
 Metaspace       used 87105K, committed 87744K, reserved 1130496K
  class space    used 11873K, committed 12224K, reserved 1048576K
}
Event: 8.540 GC heap before
{Heap before GC invocations=36 (full 0):
 garbage-first heap   total 165888K, used 93558K [0x0000000080000000, 0x0000000100000000)
  region size 1024K, 8 young (8192K), 4 survivors (4096K)
 Metaspace       used 87809K, committed 88448K, reserved 1130496K
  class space    used 11965K, committed 12288K, reserved 1048576K
}
Event: 8.543 GC heap after
{Heap after GC invocations=37 (full 0):
 garbage-first heap   total 246784K, used 89149K [0x0000000080000000, 0x0000000100000000)
  region size 1024K, 1 young (1024K), 1 survivors (1024K)
 Metaspace       used 87809K, committed 88448K, reserved 1130496K
  class space    used 11965K, committed 12288K, reserved 1048576K
}
Event: 8.963 GC heap before
{Heap before GC invocations=37 (full 0):
 garbage-first heap   total 246784K, used 193597K [0x0000000080000000, 0x0000000100000000)
  region size 1024K, 104 young (106496K), 1 survivors (1024K)
 Metaspace       used 91686K, committed 92288K, reserved 1130496K
  class space    used 12516K, committed 12800K, reserved 1048576K
}
Event: 8.971 GC heap after
{Heap after GC invocations=38 (full 0):
 garbage-first heap   total 246784K, used 102658K [0x0000000080000000, 0x0000000100000000)
  region size 1024K, 13 young (13312K), 13 survivors (13312K)
 Metaspace       used 91686K, committed 92288K, reserved 1130496K
  class space    used 12516K, committed 12800K, reserved 1048576K
}
Event: 9.116 GC heap before
{Heap before GC invocations=38 (full 0):
 garbage-first heap   total 246784K, used 190722K [0x0000000080000000, 0x0000000100000000)
  region size 1024K, 100 young (102400K), 13 survivors (13312K)
 Metaspace       used 93336K, committed 93952K, reserved 1130496K
  class space    used 12757K, committed 13056K, reserved 1048576K
}
Event: 9.125 GC heap after
{Heap after GC invocations=39 (full 0):
 garbage-first heap   total 246784K, used 118061K [0x0000000080000000, 0x0000000100000000)
  region size 1024K, 13 young (13312K), 13 survivors (13312K)
 Metaspace       used 93336K, committed 93952K, reserved 1130496K
  class space    used 12757K, committed 13056K, reserved 1048576K
}
Event: 9.314 GC heap before
{Heap before GC invocations=39 (full 0):
 garbage-first heap   total 246784K, used 189741K [0x0000000080000000, 0x0000000100000000)
  region size 1024K, 84 young (86016K), 13 survivors (13312K)
 Metaspace       used 96260K, committed 96896K, reserved 1138688K
  class space    used 13242K, committed 13568K, reserved 1048576K
}
Event: 9.324 GC heap after
{Heap after GC invocations=40 (full 0):
 garbage-first heap   total 246784K, used 125952K [0x0000000080000000, 0x0000000100000000)
  region size 1024K, 11 young (11264K), 11 survivors (11264K)
 Metaspace       used 96260K, committed 96896K, reserved 1138688K
  class space    used 13242K, committed 13568K, reserved 1048576K
}
Event: 9.441 GC heap before
{Heap before GC invocations=40 (full 0):
 garbage-first heap   total 246784K, used 194560K [0x0000000080000000, 0x0000000100000000)
  region size 1024K, 78 young (79872K), 11 survivors (11264K)
 Metaspace       used 97841K, committed 98496K, reserved 1138688K
  class space    used 13452K, committed 13760K, reserved 1048576K
}
Event: 9.454 GC heap after
{Heap after GC invocations=41 (full 0):
 garbage-first heap   total 372736K, used 134539K [0x0000000080000000, 0x0000000100000000)
  region size 1024K, 9 young (9216K), 9 survivors (9216K)
 Metaspace       used 97841K, committed 98496K, reserved 1138688K
  class space    used 13452K, committed 13760K, reserved 1048576K
}
Event: 9.801 GC heap before
{Heap before GC invocations=42 (full 0):
 garbage-first heap   total 372736K, used 292235K [0x0000000080000000, 0x0000000100000000)
  region size 1024K, 161 young (164864K), 9 survivors (9216K)
 Metaspace       used 100349K, committed 101056K, reserved 1138688K
  class space    used 13944K, committed 14272K, reserved 1048576K
}
Event: 9.822 GC heap after
{Heap after GC invocations=43 (full 0):
 garbage-first heap   total 372736K, used 161746K [0x0000000080000000, 0x0000000100000000)
  region size 1024K, 21 young (21504K), 21 survivors (21504K)
 Metaspace       used 100349K, committed 101056K, reserved 1138688K
  class space    used 13944K, committed 14272K, reserved 1048576K
}
Event: 9.824 GC heap before
{Heap before GC invocations=43 (full 0):
 garbage-first heap   total 372736K, used 162770K [0x0000000080000000, 0x0000000100000000)
  region size 1024K, 22 young (22528K), 21 survivors (21504K)
 Metaspace       used 100350K, committed 101056K, reserved 1138688K
  class space    used 13945K, committed 14272K, reserved 1048576K
}
Event: 9.839 GC heap after
{Heap after GC invocations=44 (full 0):
 garbage-first heap   total 372736K, used 164745K [0x0000000080000000, 0x0000000100000000)
  region size 1024K, 3 young (3072K), 3 survivors (3072K)
 Metaspace       used 100350K, committed 101056K, reserved 1138688K
  class space    used 13945K, committed 14272K, reserved 1048576K
}
Event: 10.060 GC heap before
{Heap before GC invocations=44 (full 0):
 garbage-first heap   total 372736K, used 283529K [0x0000000080000000, 0x0000000100000000)
  region size 1024K, 119 young (121856K), 3 survivors (3072K)
 Metaspace       used 103688K, committed 104320K, reserved 1138688K
  class space    used 14553K, committed 14848K, reserved 1048576K
}
Event: 10.072 GC heap after
{Heap after GC invocations=45 (full 0):
 garbage-first heap   total 372736K, used 176709K [0x0000000080000000, 0x0000000100000000)
  region size 1024K, 15 young (15360K), 15 survivors (15360K)
 Metaspace       used 103688K, committed 104320K, reserved 1138688K
  class space    used 14553K, committed 14848K, reserved 1048576K
}
Event: 10.307 GC heap before
{Heap before GC invocations=45 (full 0):
 garbage-first heap   total 372736K, used 289349K [0x0000000080000000, 0x0000000100000000)
  region size 1024K, 126 young (129024K), 15 survivors (15360K)
 Metaspace       used 105040K, committed 105664K, reserved 1146880K
  class space    used 14750K, committed 15040K, reserved 1048576K
}
Event: 10.317 GC heap after
{Heap after GC invocations=46 (full 0):
 garbage-first heap   total 372736K, used 181760K [0x0000000080000000, 0x0000000100000000)
  region size 1024K, 6 young (6144K), 6 survivors (6144K)
 Metaspace       used 105040K, committed 105664K, reserved 1146880K
  class space    used 14750K, committed 15040K, reserved 1048576K
}
Event: 10.531 GC heap before
{Heap before GC invocations=46 (full 0):
 garbage-first heap   total 372736K, used 296448K [0x0000000080000000, 0x0000000100000000)
  region size 1024K, 119 young (121856K), 6 survivors (6144K)
 Metaspace       used 105706K, committed 106304K, reserved 1146880K
  class space    used 14830K, committed 15104K, reserved 1048576K
}

