# JRE version: OpenJDK Runtime Environment (17.0.6) (build 17.0.6+0-b2043.56-9586694)
# Java VM: OpenJDK 64-Bit Server VM (17.0.6+0-b2043.56-9586694, mixed mode, tiered, compressed oops, compressed class ptrs, g1 gc, windows-amd64)
GC Precious Log:
 CPUs: 8 total, 8 available
 Memory: 7886M
 Large Page Support: Disabled
 NUMA Support: Disabled
 Compressed Oops: Enabled (32-bit)
 Heap Region Size: 1M
 Heap Min Capacity: 8M
 Heap Initial Capacity: 124M
 Heap Max Capacity: 2G
 Pre-touch: Disabled
 Parallel Workers: 8
 Concurrent Workers: 2
 Concurrent Refinement Workers: 8
 Periodic GC: Disabled
Heap:
 garbage-first heap   total 247808K, used 144787K [0x0000000080000000, 0x0000000100000000)
  region size 1024K, 8 young (8192K), 8 survivors (8192K)
 Metaspace       used 99503K, committed 100224K, reserved 1138688K
  class space    used 13305K, committed 13632K, reserved 1048576K
GC Heap History (20 events):
Event: 16.999 GC heap after
{Heap after GC invocations=41 (full 0):
 garbage-first heap   total 150528K, used 83133K [0x0000000080000000, 0x0000000100000000)
  region size 1024K, 3 young (3072K), 3 survivors (3072K)
 Metaspace       used 83974K, committed 84672K, reserved 1122304K
  class space    used 11518K, committed 11840K, reserved 1048576K
}
Event: 17.248 GC heap before
{Heap before GC invocations=41 (full 0):
 garbage-first heap   total 150528K, used 119997K [0x0000000080000000, 0x0000000100000000)
  region size 1024K, 40 young (40960K), 3 survivors (3072K)
 Metaspace       used 84317K, committed 84992K, reserved 1130496K
  class space    used 11536K, committed 11840K, reserved 1048576K
}
Event: 17.252 GC heap after
{Heap after GC invocations=42 (full 0):
 garbage-first heap   total 150528K, used 85461K [0x0000000080000000, 0x0000000100000000)
  region size 1024K, 5 young (5120K), 5 survivors (5120K)
 Metaspace       used 84317K, committed 84992K, reserved 1130496K
  class space    used 11536K, committed 11840K, reserved 1048576K
}
Event: 17.508 GC heap before
{Heap before GC invocations=43 (full 0):
 garbage-first heap   total 163840K, used 122325K [0x0000000080000000, 0x0000000100000000)
  region size 1024K, 42 young (43008K), 5 survivors (5120K)
 Metaspace       used 84676K, committed 85376K, reserved 1130496K
  class space    used 11567K, committed 11904K, reserved 1048576K
}
Event: 17.512 GC heap after
{Heap after GC invocations=44 (full 0):
 garbage-first heap   total 163840K, used 88195K [0x0000000080000000, 0x0000000100000000)
  region size 1024K, 6 young (6144K), 6 survivors (6144K)
 Metaspace       used 84676K, committed 85376K, reserved 1130496K
  class space    used 11567K, committed 11904K, reserved 1048576K
}
Event: 17.522 GC heap before
{Heap before GC invocations=44 (full 0):
 garbage-first heap   total 163840K, used 89219K [0x0000000080000000, 0x0000000100000000)
  region size 1024K, 8 young (8192K), 6 survivors (6144K)
 Metaspace       used 84682K, committed 85376K, reserved 1130496K
  class space    used 11567K, committed 11904K, reserved 1048576K
}
Event: 17.526 GC heap after
{Heap after GC invocations=45 (full 0):
 garbage-first heap   total 230400K, used 88244K [0x0000000080000000, 0x0000000100000000)
  region size 1024K, 1 young (1024K), 1 survivors (1024K)
 Metaspace       used 84682K, committed 85376K, reserved 1130496K
  class space    used 11567K, committed 11904K, reserved 1048576K
}
Event: 17.949 GC heap before
{Heap before GC invocations=45 (full 0):
 garbage-first heap   total 230400K, used 167092K [0x0000000080000000, 0x0000000100000000)
  region size 1024K, 79 young (80896K), 1 survivors (1024K)
 Metaspace       used 85087K, committed 85696K, reserved 1130496K
  class space    used 11599K, committed 11904K, reserved 1048576K
}
Event: 17.954 GC heap after
{Heap after GC invocations=46 (full 0):
 garbage-first heap   total 230400K, used 92987K [0x0000000080000000, 0x0000000100000000)
  region size 1024K, 6 young (6144K), 6 survivors (6144K)
 Metaspace       used 85087K, committed 85696K, reserved 1130496K
  class space    used 11599K, committed 11904K, reserved 1048576K
}
Event: 18.307 GC heap before
{Heap before GC invocations=46 (full 0):
 garbage-first heap   total 230400K, used 180027K [0x0000000080000000, 0x0000000100000000)
  region size 1024K, 92 young (94208K), 6 survivors (6144K)
 Metaspace       used 85201K, committed 85888K, reserved 1130496K
  class space    used 11604K, committed 11904K, reserved 1048576K
}
Event: 18.314 GC heap after
{Heap after GC invocations=47 (full 0):
 garbage-first heap   total 230400K, used 98102K [0x0000000080000000, 0x0000000100000000)
  region size 1024K, 11 young (11264K), 11 survivors (11264K)
 Metaspace       used 85201K, committed 85888K, reserved 1130496K
  class space    used 11604K, committed 11904K, reserved 1048576K
}
Event: 120.529 GC heap before
{Heap before GC invocations=47 (full 0):
 garbage-first heap   total 230400K, used 183094K [0x0000000080000000, 0x0000000100000000)
  region size 1024K, 95 young (97280K), 11 survivors (11264K)
 Metaspace       used 86917K, committed 87552K, reserved 1130496K
  class space    used 11772K, committed 12096K, reserved 1048576K
}
Event: 120.543 GC heap after
{Heap after GC invocations=48 (full 0):
 garbage-first heap   total 230400K, used 105352K [0x0000000080000000, 0x0000000100000000)
  region size 1024K, 12 young (12288K), 12 survivors (12288K)
 Metaspace       used 86917K, committed 87552K, reserved 1130496K
  class space    used 11772K, committed 12096K, reserved 1048576K
}
Event: 121.283 GC heap before
{Heap before GC invocations=48 (full 0):
 garbage-first heap   total 230400K, used 178056K [0x0000000080000000, 0x0000000100000000)
  region size 1024K, 75 young (76800K), 12 survivors (12288K)
 Metaspace       used 91288K, committed 91968K, reserved 1130496K
  class space    used 12264K, committed 12608K, reserved 1048576K
}
Event: 121.302 GC heap after
{Heap after GC invocations=49 (full 0):
 garbage-first heap   total 230400K, used 134144K [0x0000000080000000, 0x0000000100000000)
  region size 1024K, 12 young (12288K), 12 survivors (12288K)
 Metaspace       used 91288K, committed 91968K, reserved 1130496K
  class space    used 12264K, committed 12608K, reserved 1048576K
}
Event: 121.840 GC heap before
{Heap before GC invocations=50 (full 0):
 garbage-first heap   total 247808K, used 188416K [0x0000000080000000, 0x0000000100000000)
  region size 1024K, 56 young (57344K), 12 survivors (12288K)
 Metaspace       used 94045K, committed 94656K, reserved 1138688K
  class space    used 12572K, committed 12864K, reserved 1048576K
}
Event: 121.857 GC heap after
{Heap after GC invocations=51 (full 0):
 garbage-first heap   total 247808K, used 134444K [0x0000000080000000, 0x0000000100000000)
  region size 1024K, 4 young (4096K), 4 survivors (4096K)
 Metaspace       used 94045K, committed 94656K, reserved 1138688K
  class space    used 12572K, committed 12864K, reserved 1048576K
}
Event: 121.929 GC heap before
{Heap before GC invocations=51 (full 0):
 garbage-first heap   total 247808K, used 142636K [0x0000000080000000, 0x0000000100000000)
  region size 1024K, 12 young (12288K), 4 survivors (4096K)
 Metaspace       used 94178K, committed 94784K, reserved 1138688K
  class space    used 12592K, committed 12864K, reserved 1048576K
}
Event: 121.935 GC heap after
{Heap after GC invocations=52 (full 0):
 garbage-first heap   total 247808K, used 136877K [0x0000000080000000, 0x0000000100000000)
  region size 1024K, 2 young (2048K), 2 survivors (2048K)
 Metaspace       used 94178K, committed 94784K, reserved 1138688K
  class space    used 12592K, committed 12864K, reserved 1048576K
}
Event: 125.110 GC heap before
{Heap before GC invocations=52 (full 0):
 garbage-first heap   total 247808K, used 192173K [0x0000000080000000, 0x0000000100000000)
  region size 1024K, 57 young (58368K), 2 survivors (2048K)
 Metaspace       used 99503K, committed 100224K, reserved 1138688K
  class space    used 13305K, committed 13632K, reserved 1048576K
}

