# JRE version: OpenJDK Runtime Environment (17.0.6) (build 17.0.6+0-b2043.56-9586694)
# Java VM: OpenJDK 64-Bit Server VM (17.0.6+0-b2043.56-9586694, mixed mode, tiered, compressed oops, compressed class ptrs, g1 gc, windows-amd64)
GC Precious Log:
 CPUs: 8 total, 8 available
 Memory: 7886M
 Large Page Support: Disabled
 NUMA Support: Disabled
 Compressed Oops: Enabled (32-bit)
 Heap Region Size: 1M
 Heap Min Capacity: 8M
 Heap Initial Capacity: 124M
 Heap Max Capacity: 2G
 Pre-touch: Disabled
 Parallel Workers: 8
 Concurrent Workers: 2
 Concurrent Refinement Workers: 8
 Periodic GC: Disabled
Heap:
 garbage-first heap   total 471040K, used 200800K [0x0000000080000000, 0x0000000100000000)
  region size 1024K, 108 young (110592K), 1 survivors (1024K)
 Metaspace       used 90418K, committed 91072K, reserved 1130496K
  class space    used 12300K, committed 12608K, reserved 1048576K
GC Heap History (20 events):
Event: 8.498 GC heap before
{Heap before GC invocations=28 (full 0):
 garbage-first heap   total 113664K, used 92013K [0x0000000080000000, 0x0000000100000000)
  region size 1024K, 30 young (30720K), 3 survivors (3072K)
 Metaspace       used 75457K, committed 76032K, reserved 1122304K
  class space    used 10199K, committed 10496K, reserved 1048576K
}
Event: 8.503 GC heap after
{Heap after GC invocations=29 (full 0):
 garbage-first heap   total 162816K, used 66243K [0x0000000080000000, 0x0000000100000000)
  region size 1024K, 2 young (2048K), 2 survivors (2048K)
 Metaspace       used 75457K, committed 76032K, reserved 1122304K
  class space    used 10199K, committed 10496K, reserved 1048576K
}
Event: 9.311 GC heap before
{Heap before GC invocations=30 (full 0):
 garbage-first heap   total 162816K, used 127683K [0x0000000080000000, 0x0000000100000000)
  region size 1024K, 62 young (63488K), 2 survivors (2048K)
 Metaspace       used 81222K, committed 81792K, reserved 1122304K
  class space    used 11009K, committed 11264K, reserved 1048576K
}
Event: 9.318 GC heap after
{Heap after GC invocations=31 (full 0):
 garbage-first heap   total 162816K, used 72156K [0x0000000080000000, 0x0000000100000000)
  region size 1024K, 8 young (8192K), 8 survivors (8192K)
 Metaspace       used 81222K, committed 81792K, reserved 1122304K
  class space    used 11009K, committed 11264K, reserved 1048576K
}
Event: 9.324 GC heap before
{Heap before GC invocations=31 (full 0):
 garbage-first heap   total 162816K, used 73180K [0x0000000080000000, 0x0000000100000000)
  region size 1024K, 9 young (9216K), 8 survivors (8192K)
 Metaspace       used 81223K, committed 81792K, reserved 1122304K
  class space    used 11009K, committed 11264K, reserved 1048576K
}
Event: 9.331 GC heap after
{Heap after GC invocations=32 (full 0):
 garbage-first heap   total 162816K, used 72498K [0x0000000080000000, 0x0000000100000000)
  region size 1024K, 1 young (1024K), 1 survivors (1024K)
 Metaspace       used 81223K, committed 81792K, reserved 1122304K
  class space    used 11009K, committed 11264K, reserved 1048576K
}
Event: 9.940 GC heap before
{Heap before GC invocations=32 (full 0):
 garbage-first heap   total 162816K, used 128818K [0x0000000080000000, 0x0000000100000000)
  region size 1024K, 56 young (57344K), 1 survivors (1024K)
 Metaspace       used 83444K, committed 84032K, reserved 1122304K
  class space    used 11405K, committed 11648K, reserved 1048576K
}
Event: 9.947 GC heap after
{Heap after GC invocations=33 (full 0):
 garbage-first heap   total 162816K, used 80186K [0x0000000080000000, 0x0000000100000000)
  region size 1024K, 7 young (7168K), 7 survivors (7168K)
 Metaspace       used 83444K, committed 84032K, reserved 1122304K
  class space    used 11405K, committed 11648K, reserved 1048576K
}
Event: 10.222 GC heap before
{Heap before GC invocations=33 (full 0):
 garbage-first heap   total 162816K, used 128314K [0x0000000080000000, 0x0000000100000000)
  region size 1024K, 55 young (56320K), 7 survivors (7168K)
 Metaspace       used 84084K, committed 84800K, reserved 1122304K
  class space    used 11534K, committed 11904K, reserved 1048576K
}
Event: 10.229 GC heap after
{Heap after GC invocations=34 (full 0):
 garbage-first heap   total 162816K, used 84140K [0x0000000080000000, 0x0000000100000000)
  region size 1024K, 4 young (4096K), 4 survivors (4096K)
 Metaspace       used 84084K, committed 84800K, reserved 1122304K
  class space    used 11534K, committed 11904K, reserved 1048576K
}
Event: 10.706 GC heap before
{Heap before GC invocations=35 (full 0):
 garbage-first heap   total 162816K, used 130220K [0x0000000080000000, 0x0000000100000000)
  region size 1024K, 50 young (51200K), 4 survivors (4096K)
 Metaspace       used 84613K, committed 85248K, reserved 1122304K
  class space    used 11583K, committed 11904K, reserved 1048576K
}
Event: 10.712 GC heap after
{Heap after GC invocations=36 (full 0):
 garbage-first heap   total 162816K, used 87150K [0x0000000080000000, 0x0000000100000000)
  region size 1024K, 7 young (7168K), 7 survivors (7168K)
 Metaspace       used 84613K, committed 85248K, reserved 1122304K
  class space    used 11583K, committed 11904K, reserved 1048576K
}
Event: 10.717 GC heap before
{Heap before GC invocations=36 (full 0):
 garbage-first heap   total 162816K, used 87150K [0x0000000080000000, 0x0000000100000000)
  region size 1024K, 8 young (8192K), 7 survivors (7168K)
 Metaspace       used 84616K, committed 85248K, reserved 1122304K
  class space    used 11583K, committed 11904K, reserved 1048576K
}
Event: 10.724 GC heap after
{Heap after GC invocations=37 (full 0):
 garbage-first heap   total 162816K, used 87481K [0x0000000080000000, 0x0000000100000000)
  region size 1024K, 1 young (1024K), 1 survivors (1024K)
 Metaspace       used 84616K, committed 85248K, reserved 1122304K
  class space    used 11583K, committed 11904K, reserved 1048576K
}
Event: 11.080 GC heap before
{Heap before GC invocations=37 (full 0):
 garbage-first heap   total 162816K, used 132537K [0x0000000080000000, 0x0000000100000000)
  region size 1024K, 46 young (47104K), 1 survivors (1024K)
 Metaspace       used 84840K, committed 85504K, reserved 1130496K
  class space    used 11587K, committed 11904K, reserved 1048576K
}
Event: 11.085 GC heap after
{Heap after GC invocations=38 (full 0):
 garbage-first heap   total 162816K, used 89679K [0x0000000080000000, 0x0000000100000000)
  region size 1024K, 4 young (4096K), 4 survivors (4096K)
 Metaspace       used 84840K, committed 85504K, reserved 1130496K
  class space    used 11587K, committed 11904K, reserved 1048576K
}
Event: 11.512 GC heap before
{Heap before GC invocations=39 (full 0):
 garbage-first heap   total 162816K, used 132687K [0x0000000080000000, 0x0000000100000000)
  region size 1024K, 47 young (48128K), 4 survivors (4096K)
 Metaspace       used 86292K, committed 86976K, reserved 1130496K
  class space    used 11731K, committed 12032K, reserved 1048576K
}
Event: 11.519 GC heap after
{Heap after GC invocations=40 (full 0):
 garbage-first heap   total 162816K, used 92670K [0x0000000080000000, 0x0000000100000000)
  region size 1024K, 6 young (6144K), 6 survivors (6144K)
 Metaspace       used 86292K, committed 86976K, reserved 1130496K
  class space    used 11731K, committed 12032K, reserved 1048576K
}
Event: 11.523 GC heap before
{Heap before GC invocations=40 (full 0):
 garbage-first heap   total 162816K, used 93694K [0x0000000080000000, 0x0000000100000000)
  region size 1024K, 7 young (7168K), 6 survivors (6144K)
 Metaspace       used 86318K, committed 86976K, reserved 1130496K
  class space    used 11734K, committed 12032K, reserved 1048576K
}
Event: 11.530 GC heap after
{Heap after GC invocations=41 (full 0):
 garbage-first heap   total 471040K, used 93280K [0x0000000080000000, 0x0000000100000000)
  region size 1024K, 1 young (1024K), 1 survivors (1024K)
 Metaspace       used 86318K, committed 86976K, reserved 1130496K
  class space    used 11734K, committed 12032K, reserved 1048576K
}

